Fri Mar 16 13:36:39 CST 2018  [debug] AvalonLogSystem initialized using logfile 'C:\Users\Administrator\workspace\.metadata\.plugins\com.genuitec.eclipse.templates\velocity.log'
Fri Mar 16 13:36:39 CST 2018   [info] ************************************************************** 
Fri Mar 16 13:36:39 CST 2018   [info] Starting Jakarta Velocity v1.4
Fri Mar 16 13:36:39 CST 2018   [info] RuntimeInstance initializing.
Fri Mar 16 13:36:39 CST 2018   [info] Default Properties File: org\apache\velocity\runtime\defaults\velocity.properties
Fri Mar 16 13:36:39 CST 2018   [info] Trying to use logger class org.apache.velocity.runtime.log.AvalonLogSystem
Fri Mar 16 13:36:39 CST 2018   [info] Using logger class org.apache.velocity.runtime.log.AvalonLogSystem
Fri Mar 16 13:36:39 CST 2018   [info] Default ResourceManager initializing. (class org.apache.velocity.runtime.resource.ResourceManagerImpl)
Fri Mar 16 13:36:39 CST 2018   [info] Resource Loader Instantiated: com.genuitec.eclipse.templates.internal.PluginResourceLoader
Fri Mar 16 13:36:39 CST 2018   [info] ResourceCache : initialized. (class org.apache.velocity.runtime.resource.ResourceCacheImpl)
Fri Mar 16 13:36:39 CST 2018   [info] Default ResourceManager initialization complete.
Fri Mar 16 13:36:39 CST 2018   [info] Loaded System Directive: org.apache.velocity.runtime.directive.Literal
Fri Mar 16 13:36:39 CST 2018   [info] Loaded System Directive: org.apache.velocity.runtime.directive.Macro
Fri Mar 16 13:36:39 CST 2018   [info] Loaded System Directive: org.apache.velocity.runtime.directive.Parse
Fri Mar 16 13:36:39 CST 2018   [info] Loaded System Directive: org.apache.velocity.runtime.directive.Include
Fri Mar 16 13:36:39 CST 2018   [info] Loaded System Directive: org.apache.velocity.runtime.directive.Foreach
Fri Mar 16 13:36:39 CST 2018   [info] Created: 20 parsers.
Fri Mar 16 13:36:39 CST 2018   [info] Velocimacro : initialization starting.
Fri Mar 16 13:36:39 CST 2018   [info] Velocimacro : adding VMs from VM library template : VM_global_library.vm
Fri Mar 16 13:36:39 CST 2018  [error] ResourceManager : unable to find resource 'VM_global_library.vm' in any resource loader.
Fri Mar 16 13:36:39 CST 2018   [info] Velocimacro : error using  VM library template VM_global_library.vm : org.apache.velocity.exception.ResourceNotFoundException: Unable to find resource 'VM_global_library.vm'
Fri Mar 16 13:36:39 CST 2018   [info] Velocimacro :  VM library template macro registration complete.
Fri Mar 16 13:36:39 CST 2018   [info] Velocimacro : allowInline = true : VMs can be defined inline in templates
Fri Mar 16 13:36:39 CST 2018   [info] Velocimacro : allowInlineToOverride = true : VMs defined inline may replace previous VM definitions
Fri Mar 16 13:36:39 CST 2018   [info] Velocimacro : allowInlineLocal = true : VMs defined inline will be local to their defining template only.
Fri Mar 16 13:36:39 CST 2018   [info] Velocimacro : messages on  : VM system will output logging messages
Fri Mar 16 13:36:39 CST 2018   [info] Velocimacro : autoload off  : VM system will not automatically reload global library macros
Fri Mar 16 13:36:39 CST 2018   [info] Velocimacro : initialization complete.
Fri Mar 16 13:36:39 CST 2018   [info] Velocity successfully started.
Fri Mar 16 13:36:39 CST 2018   [info] ResourceManager : found templates/xml/Xml.vtl with loader com.genuitec.eclipse.templates.internal.PluginResourceLoader
